<?xml version="1.0" encoding="utf-8"?><testsuites name="pytest tests"><testsuite name="pytest" errors="0" failures="0" skipped="0" tests="31" time="8.737" timestamp="2026-04-29T20:36:50.313742+00:00" hostname="agent-env-4415d0a6-e469-4bb9-8f72-486c19cdd0a1"><testcase classname="backend.tests.backend_test.TestAuth" name="test_login_admin_sets_cookie" time="0.987" /><testcase classname="backend.tests.backend_test.TestAuth" name="test_login_invalid" time="0.269" /><testcase classname="backend.tests.backend_test.TestAuth" name="test_me_via_cookie" time="0.900" /><testcase classname="backend.tests.backend_test.TestAuth" name="test_me_via_bearer" time="0.857" /><testcase classname="backend.tests.backend_test.TestAuth" name="test_logout" time="0.685" /><testcase classname="backend.tests.backend_test.TestAuth" name="test_no_auth_returns_401" time="0.179" /><testcase classname="backend.tests.backend_test.TestRoles" name="test_consulta_can_read_bancos" time="0.628" /><testcase classname="backend.tests.backend_test.TestRoles" name="test_consulta_cannot_create_banco" time="0.078" /><testcase classname="backend.tests.backend_test.TestBancos" name="test_list_bancos_seeded" time="0.077" /><testcase classname="backend.tests.backend_test.TestBancos" name="test_create_banco_admin" time="0.173" /><testcase classname="backend.tests.backend_test.TestCheques" name="test_list_cheques" time="0.092" /><testcase classname="backend.tests.backend_test.TestCheques" name="test_filter_pendiente" time="0.085" /><testcase classname="backend.tests.backend_test.TestCheques" name="test_create_cobrado_decrements_bank" time="0.422" /><testcase classname="backend.tests.backend_test.TestCheques" name="test_update_transitions_to_cobrado" time="0.715" /><testcase classname="backend.tests.backend_test.TestFacturas" name="test_list_facturas_total" time="0.085" /><testcase classname="backend.tests.backend_test.TestFacturas" name="test_create_factura" time="0.311" /><testcase classname="backend.tests.backend_test.TestClientes" name="test_list_clientes" time="0.081" /><testcase classname="backend.tests.backend_test.TestClientes" name="test_create_cliente" time="0.169" /><testcase classname="backend.tests.backend_test.TestRetenciones" name="test_retenciones_include_cliente_nombre" time="0.095" /><testcase classname="backend.tests.backend_test.TestFlujo" name="test_list_flujo_filters" time="0.194" /><testcase classname="backend.tests.backend_test.TestFlujo" name="test_create_flujo" time="0.170" /><testcase classname="backend.tests.backend_test.TestDashboard" name="test_dashboard_shape" time="0.145" /><testcase classname="backend.tests.backend_test.TestAlertas" name="test_alertas_sorted" time="0.095" /><testcase classname="backend.tests.backend_test.TestAlertas" name="test_enviar_email_stub" time="0.089" /><testcase classname="backend.tests.backend_test.TestAlertas" name="test_consulta_cannot_send_email" time="0.089" /><testcase classname="backend.tests.backend_test.TestExport" name="test_export_xlsx[cheques]" time="0.132" /><testcase classname="backend.tests.backend_test.TestExport" name="test_export_xlsx[cartera]" time="0.117" /><testcase classname="backend.tests.backend_test.TestExport" name="test_export_xlsx[retenciones]" time="0.098" /><testcase classname="backend.tests.backend_test.TestExport" name="test_export_xlsx[bancos]" time="0.110" /><testcase classname="backend.tests.backend_test.TestExport" name="test_export_xlsx[flujo]" time="0.104" /><testcase classname="backend.tests.backend_test.TestExport" name="test_export_invalid" time="0.087" /></testsuite></testsuites>